<?xml version="1.0" encoding="UTF-8"?>
<testng-results skipped="0" failed="0" total="1" passed="1">
  <reporter-output>
  </reporter-output>
  <suite name="Default suite" duration-ms="12017" started-at="2016-05-14T18:19:19Z" finished-at="2016-05-14T18:19:31Z">
    <groups>
    </groups>
    <test name="Default test" duration-ms="12017" started-at="2016-05-14T18:19:19Z" finished-at="2016-05-14T18:19:31Z">
      <class name="com.ucr.GimnasioXyzLibraryB05027.ClienteTest">
        <test-method status="PASS" signature="buscar()[pri:0, instance:com.ucr.GimnasioXyzLibraryB05027.ClienteTest@778d1062]" name="buscar" duration-ms="11954" started-at="2016-05-14T12:19:19Z" finished-at="2016-05-14T12:19:31Z">
          <reporter-output>
          </reporter-output>
        </test-method> <!-- buscar -->
      </class> <!-- com.ucr.GimnasioXyzLibraryB05027.ClienteTest -->
    </test> <!-- Default test -->
  </suite> <!-- Default suite -->
</testng-results>
